<?xml version="1.0" encoding="UTF-8"?>
<!-- Generated by org.testng.reporters.JUnitReportReporter -->
<testsuite skipped="0" hostname="DESKTOP-DUPNC9H" name="com.testcases.SigninPageTest" tests="3" failures="0" timestamp="2021-11-22T12:38:46 IST" time="49.696" errors="0">
  <testcase name="validateLoginTest" time="19.704" classname="com.testcases.SigninPageTest"/>
  <system-out/>
  <testcase name="validateAddressDisplayTest" time="19.946" classname="com.testcases.SigninPageTest"/>
  <system-out/>
  <testcase name="validateTitleTest" time="10.046" classname="com.testcases.SigninPageTest"/>
  <system-out/>
</testsuite> <!-- com.testcases.SigninPageTest -->
